#
# There is insufficient memory for the Java Runtime Environment to continue.
# Native memory allocation (mmap) failed to map 113246208 bytes for G1 virtual space
# Possible reasons:
#   The system is out of physical RAM or swap space
#   The process is running with CompressedOops enabled, and the Java Heap may be blocking the growth of the native heap
# Possible solutions:
#   Reduce memory load on the system
#   Increase physical memory or swap space
#   Check if swap backing store is full
#   Decrease Java heap size (-Xmx/-Xms)
#   Decrease number of Java threads
#   Decrease Java thread stack sizes (-Xss)
#   Set larger code cache with -XX:ReservedCodeCacheSize=
#   JVM is running with Zero Based Compressed Oops mode in which the Java heap is
#     placed in the first 32GB address space. The Java Heap base address is the
#     maximum limit for the native heap growth. Please use -XX:HeapBaseMinAddress
#     to set the Java Heap base and to place the Java Heap above 32GB virtual address.
# This output file may be truncated or incomplete.
#
#  Out of Memory Error (os_windows.cpp:3825), pid=15252, tid=24580
#
# JRE version: OpenJDK Runtime Environment JBR-17.0.9+7-1087.7-nomod (17.0.9+7) (build 17.0.9+7-b1087.7)
# Java VM: OpenJDK 64-Bit Server VM JBR-17.0.9+7-1087.7-nomod (17.0.9+7-b1087.7, mixed mode, emulated-client, tiered, compressed oops, compressed class ptrs, g1 gc, windows-amd64)
# No core dump will be written. Minidumps are not enabled by default on client versions of Windows
#

---------------  S U M M A R Y ------------

Command Line: -XX:TieredStopAtLevel=1 -Dspring.output.ansi.enabled=always -Dcom.sun.management.jmxremote -Dspring.jmx.enabled=true -Dspring.liveBeansView.mbeanDomain -Dspring.application.admin.enabled=true -Dmanagement.endpoints.jmx.exposure.include=* -javaagent:D:\Program Files\JetBrains\IntelliJ IDEA 2023.2\lib\idea_rt.jar=4474:D:\Program Files\JetBrains\IntelliJ IDEA 2023.2\bin -Dfile.encoding=UTF-8 com.cg.RecycleSystemApplication

Host: AMD Ryzen 7 5800H with Radeon Graphics         , 16 cores, 15G,  Windows 10 , 64 bit Build 19041 (10.0.19041.5198)
Time: Sat Jan  4 17:03:40 2025  Windows 10 , 64 bit Build 19041 (10.0.19041.5198) elapsed time: 1.002239 seconds (0d 0h 0m 1s)

---------------  T H R E A D  ---------------

Current thread (0x000002926f2d04a0):  VMThread "VM Thread" [stack: 0x000000fd28800000,0x000000fd28900000] [id=24580]

Stack: [0x000000fd28800000,0x000000fd28900000]
Native frames: (J=compiled Java code, j=interpreted, Vv=VM code, C=native code)
V  [jvm.dll+0x6886e9]

VM_Operation (0x000000fd2a0fce00): G1CollectForAllocation, mode: safepoint, requested by thread 0x00000292745bcf30


---------------  P R O C E S S  ---------------

Threads class SMR info:
_java_thread_list=0x0000029274809840, length=21, elements={
0x0000029259c91770, 0x000002926f34b260, 0x000002926f34e0f0, 0x000002926f37a190,
0x000002926f37b010, 0x000002926f37c9e0, 0x000002926f39a410, 0x000002926f39be90,
0x000002926f39fd90, 0x000002926ed44070, 0x000002926f420550, 0x000002926f540420,
0x000002926f6bdc50, 0x000002926f6be130, 0x000002926fc464f0, 0x00000292745150f0,
0x00000292745bca50, 0x00000292745bcf30, 0x000002927476d010, 0x00000292748f8a90,
0x00000292748b9730
}

Java Threads: ( => current thread )
  0x0000029259c91770 JavaThread "main" [_thread_blocked, id=13792, stack(0x000000fd28200000,0x000000fd28300000)]
  0x000002926f34b260 JavaThread "Reference Handler" daemon [_thread_blocked, id=17444, stack(0x000000fd28900000,0x000000fd28a00000)]
  0x000002926f34e0f0 JavaThread "Finalizer" daemon [_thread_blocked, id=592, stack(0x000000fd28a00000,0x000000fd28b00000)]
  0x000002926f37a190 JavaThread "Signal Dispatcher" daemon [_thread_blocked, id=2988, stack(0x000000fd28b00000,0x000000fd28c00000)]
  0x000002926f37b010 JavaThread "Attach Listener" daemon [_thread_blocked, id=21584, stack(0x000000fd28c00000,0x000000fd28d00000)]
  0x000002926f37c9e0 JavaThread "Service Thread" daemon [_thread_blocked, id=22764, stack(0x000000fd28d00000,0x000000fd28e00000)]
  0x000002926f39a410 JavaThread "Monitor Deflation Thread" daemon [_thread_blocked, id=12340, stack(0x000000fd28e00000,0x000000fd28f00000)]
  0x000002926f39be90 JavaThread "C1 CompilerThread0" daemon [_thread_blocked, id=3960, stack(0x000000fd28f00000,0x000000fd29000000)]
  0x000002926f39fd90 JavaThread "Sweeper thread" daemon [_thread_blocked, id=24136, stack(0x000000fd29000000,0x000000fd29100000)]
  0x000002926ed44070 JavaThread "Common-Cleaner" daemon [_thread_blocked, id=13640, stack(0x000000fd29100000,0x000000fd29200000)]
  0x000002926f420550 JavaThread "C1 CompilerThread1" daemon [_thread_blocked, id=18360, stack(0x000000fd29200000,0x000000fd29300000)]
  0x000002926f540420 JavaThread "C1 CompilerThread2" daemon [_thread_blocked, id=2220, stack(0x000000fd29300000,0x000000fd29400000)]
  0x000002926f6bdc50 JavaThread "Monitor Ctrl-Break" daemon [_thread_in_native, id=10984, stack(0x000000fd29400000,0x000000fd29500000)]
  0x000002926f6be130 JavaThread "Notification Thread" daemon [_thread_blocked, id=6400, stack(0x000000fd29500000,0x000000fd29600000)]
  0x000002926fc464f0 JavaThread "RMI TCP Accept-0" daemon [_thread_blocked, id=6428, stack(0x000000fd29600000,0x000000fd29700000)]
  0x00000292745150f0 JavaThread "C1 CompilerThread3" daemon [_thread_blocked, id=12300, stack(0x000000fd29800000,0x000000fd29900000)]
  0x00000292745bca50 JavaThread "Thread-0" [_thread_blocked, id=22124, stack(0x000000fd29f00000,0x000000fd2a000000)]
  0x00000292745bcf30 JavaThread "restartedMain" [_thread_blocked, id=8676, stack(0x000000fd2a000000,0x000000fd2a100000)]
  0x000002927476d010 JavaThread "background-preinit" [_thread_blocked, id=18216, stack(0x000000fd2a300000,0x000000fd2a400000)]
  0x00000292748f8a90 JavaThread "C1 CompilerThread4" daemon [_thread_blocked, id=21620, stack(0x000000fd2a700000,0x000000fd2a800000)]
  0x00000292748b9730 JavaThread "C1 CompilerThread5" daemon [_thread_blocked, id=6628, stack(0x000000fd2a800000,0x000000fd2a900000)]

Other Threads:
=>0x000002926f2d04a0 VMThread "VM Thread" [stack: 0x000000fd28800000,0x000000fd28900000] [id=24580]
  0x0000029259c92730 WatcherThread [stack: 0x000000fd29700000,0x000000fd29800000] [id=16228]
  0x0000029259cfe6f0 GCTaskThread "GC Thread#0" [stack: 0x000000fd28300000,0x000000fd28400000] [id=2832]
  0x0000029274561970 GCTaskThread "GC Thread#1" [stack: 0x000000fd29900000,0x000000fd29a00000] [id=22908]
  0x0000029274561c30 GCTaskThread "GC Thread#2" [stack: 0x000000fd29a00000,0x000000fd29b00000] [id=856]
  0x000002927451ee20 GCTaskThread "GC Thread#3" [stack: 0x000000fd29b00000,0x000000fd29c00000] [id=21560]
  0x000002927451f0e0 GCTaskThread "GC Thread#4" [stack: 0x000000fd29c00000,0x000000fd29d00000] [id=21076]
  0x000002927451f3a0 GCTaskThread "GC Thread#5" [stack: 0x000000fd29d00000,0x000000fd29e00000] [id=23620]
  0x00000292745ad590 GCTaskThread "GC Thread#6" [stack: 0x000000fd29e00000,0x000000fd29f00000] [id=12036]
  0x000002927475a680 GCTaskThread "GC Thread#7" [stack: 0x000000fd2a100000,0x000000fd2a200000] [id=616]
  0x000002927475a940 GCTaskThread "GC Thread#8" [stack: 0x000000fd2a200000,0x000000fd2a300000] [id=13864]
  0x0000029274797ca0 GCTaskThread "GC Thread#9" [stack: 0x000000fd2a400000,0x000000fd2a500000] [id=4940]
  0x000002927495be40 GCTaskThread "GC Thread#10" [stack: 0x000000fd2a900000,0x000000fd2aa00000] [id=16944]
  0x0000029274751890 GCTaskThread "GC Thread#11" [stack: 0x000000fd2aa00000,0x000000fd2ab00000] [id=9492]
  0x0000029274b34510 GCTaskThread "GC Thread#12" [stack: 0x000000fd2ab00000,0x000000fd2ac00000] [id=15760]
  0x0000029259d0f3c0 ConcurrentGCThread "G1 Main Marker" [stack: 0x000000fd28400000,0x000000fd28500000] [id=18228]
  0x0000029259d11590 ConcurrentGCThread "G1 Conc#0" [stack: 0x000000fd28500000,0x000000fd28600000] [id=25524]
  0x000002927476d4f0 ConcurrentGCThread "G1 Conc#1" [stack: 0x000000fd2a500000,0x000000fd2a600000] [id=17328]
  0x0000029274773bd0 ConcurrentGCThread "G1 Conc#2" [stack: 0x000000fd2a600000,0x000000fd2a700000] [id=24304]
  0x0000029259d3e850 ConcurrentGCThread "G1 Refine#0" [stack: 0x000000fd28600000,0x000000fd28700000] [id=2448]
  0x000002926ec135c0 ConcurrentGCThread "G1 Service" [stack: 0x000000fd28700000,0x000000fd28800000] [id=24240]

Threads with active compile tasks:
C1 CompilerThread2     1016 2505       1       java.lang.Thread::getContextClassLoader (32 bytes)
C1 CompilerThread3     1016 2509       1       java.security.Provider$ServiceKey::hashCode (19 bytes)
C1 CompilerThread5     1016 2504       1       org.springframework.asm.ClassReader::<init> (359 bytes)

VM state: at safepoint (normal execution)

VM Mutex/Monitor currently owned by a thread:  ([mutex/lock_event])
[0x0000029259c8e340] Threads_lock - owner thread: 0x000002926f2d04a0
[0x0000029259c8e730] Heap_lock - owner thread: 0x00000292745bcf30

Heap address: 0x0000000702800000, size: 4056 MB, Compressed Oops mode: Zero based, Oop shift amount: 3

CDS archive(s) not mapped
Compressed class space mapped at: 0x0000000800000000-0x0000000840000000, reserved size: 1073741824
Narrow klass base: 0x0000000800000000, Narrow klass shift: 0, Narrow klass range: 0x40000000

GC Precious Log:
 CPUs: 16 total, 16 available
 Memory: 16220M
 Large Page Support: Disabled
 NUMA Support: Disabled
 Compressed Oops: Enabled (Zero based)
 Heap Region Size: 2M
 Heap Min Capacity: 8M
 Heap Initial Capacity: 254M
 Heap Max Capacity: 4056M
 Pre-touch: Disabled
 Parallel Workers: 13
 Concurrent Workers: 3
 Concurrent Refinement Workers: 13
 Periodic GC: Disabled

Heap:
 garbage-first heap   total 40960K, used 11441K [0x0000000702800000, 0x0000000800000000)
  region size 2048K, 1 young (2048K), 1 survivors (2048K)
 Metaspace       used 28479K, committed 28800K, reserved 1114112K
  class space    used 3495K, committed 3648K, reserved 1048576K

Heap Regions: E=young(eden), S=young(survivor), O=old, HS=humongous(starts), HC=humongous(continues), CS=collection set, F=free, OA=open archive, CA=closed archive, TAMS=top-at-mark-start (previous, next)
|   0|0x0000000702800000, 0x0000000702a00000, 0x0000000702a00000|100%| O|  |TAMS 0x0000000702a00000, 0x0000000702800000| Untracked 
|   1|0x0000000702a00000, 0x0000000702c00000, 0x0000000702c00000|100%| O|  |TAMS 0x0000000702c00000, 0x0000000702a00000| Untracked 
|   2|0x0000000702c00000, 0x0000000702e00000, 0x0000000702e00000|100%| O|  |TAMS 0x0000000702e00000, 0x0000000702c00000| Untracked 
|   3|0x0000000702e00000, 0x0000000702e00000, 0x0000000703000000|  0%| F|  |TAMS 0x0000000702e00000, 0x0000000702e00000| Untracked 
|   4|0x0000000703000000, 0x0000000703200000, 0x0000000703200000|100%| O|  |TAMS 0x0000000703000000, 0x0000000703000000| Untracked 
|   5|0x0000000703200000, 0x00000007033d9e00, 0x0000000703400000| 92%| O|  |TAMS 0x0000000703200000, 0x0000000703200000| Untracked 
|   6|0x0000000703400000, 0x0000000703400000, 0x0000000703600000|  0%| F|  |TAMS 0x0000000703400000, 0x0000000703400000| Untracked 
|   7|0x0000000703600000, 0x0000000703600000, 0x0000000703800000|  0%| F|  |TAMS 0x0000000703600000, 0x0000000703600000| Untracked 
|   8|0x0000000703800000, 0x0000000703800000, 0x0000000703a00000|  0%| F|  |TAMS 0x0000000703800000, 0x0000000703800000| Untracked 
|   9|0x0000000703a00000, 0x0000000703a00000, 0x0000000703c00000|  0%| F|  |TAMS 0x0000000703a00000, 0x0000000703a00000| Untracked 
|  10|0x0000000703c00000, 0x0000000703c00000, 0x0000000703e00000|  0%| F|  |TAMS 0x0000000703c00000, 0x0000000703c00000| Untracked 
|  11|0x0000000703e00000, 0x0000000703f52878, 0x0000000704000000| 66%| S|CS|TAMS 0x0000000703e00000, 0x0000000703e00000| Complete 
|  12|0x0000000704000000, 0x0000000704000000, 0x0000000704200000|  0%| F|  |TAMS 0x0000000704000000, 0x0000000704000000| Untracked 
|  13|0x0000000704200000, 0x0000000704200000, 0x0000000704400000|  0%| F|  |TAMS 0x0000000704200000, 0x0000000704200000| Untracked 
|  14|0x0000000704400000, 0x0000000704400000, 0x0000000704600000|  0%| F|  |TAMS 0x0000000704400000, 0x0000000704400000| Untracked 
|  15|0x0000000704600000, 0x0000000704600000, 0x0000000704800000|  0%| F|  |TAMS 0x0000000704600000, 0x0000000704600000| Untracked 
|  16|0x0000000704800000, 0x0000000704800000, 0x0000000704a00000|  0%| F|  |TAMS 0x0000000704800000, 0x0000000704800000| Untracked 
|  17|0x0000000704a00000, 0x0000000704a00000, 0x0000000704c00000|  0%| F|  |TAMS 0x0000000704a00000, 0x0000000704a00000| Untracked 
| 123|0x0000000711e00000, 0x0000000711e00000, 0x0000000712000000|  0%| F|  |TAMS 0x0000000711e00000, 0x0000000711e00000| Untracked 
| 126|0x0000000712400000, 0x0000000712400000, 0x0000000712600000|  0%| F|  |TAMS 0x0000000712400000, 0x0000000712400000| Untracked 

Card table byte_map: [0x0000029263250000,0x0000029263a40000] _byte_map_base: 0x000002925fa3c000

Marking Bits (Prev, Next): (CMBitMap*) 0x0000029259cfed50, (CMBitMap*) 0x0000029259cfed10
 Prev Bits: [0x0000029268190000, 0x000002926c0f0000)
 Next Bits: [0x0000029264230000, 0x0000029268190000)

Polling page: 0x0000029259d40000

Metaspace:

Usage:
  Non-class:     24.40 MB used.
      Class:      3.41 MB used.
       Both:     27.81 MB used.

Virtual space:
  Non-class space:       64.00 MB reserved,      24.56 MB ( 38%) committed,  1 nodes.
      Class space:        1.00 GB reserved,       3.56 MB ( <1%) committed,  1 nodes.
             Both:        1.06 GB reserved,      28.12 MB (  3%) committed. 

Chunk freelists:
   Non-Class:  7.27 MB
       Class:  12.47 MB
        Both:  19.73 MB

MaxMetaspaceSize: unlimited
CompressedClassSpaceSize: 1.00 GB
Initial GC threshold: 21.00 MB
Current GC threshold: 35.44 MB
CDS: off
MetaspaceReclaimPolicy: balanced
 - commit_granule_bytes: 65536.
 - commit_granule_words: 8192.
 - virtual_space_node_default_size: 8388608.
 - enlarge_chunks_in_place: 1.
 - new_chunks_are_fully_committed: 0.
 - uncommit_free_chunks: 1.
 - use_allocation_guard: 0.
 - handle_deallocations: 1.


Internal statistics:

num_allocs_failed_limit: 5.
num_arena_births: 238.
num_arena_deaths: 0.
num_vsnodes_births: 2.
num_vsnodes_deaths: 0.
num_space_committed: 450.
num_space_uncommitted: 0.
num_chunks_returned_to_freelist: 5.
num_chunks_taken_from_freelist: 829.
num_chunk_merges: 5.
num_chunk_splits: 574.
num_chunks_enlarged: 444.
num_inconsistent_stats: 0.

CodeCache: size=49152Kb used=7810Kb max_used=7810Kb free=41341Kb
 bounds [0x000002925ec20000, 0x000002925f3d0000, 0x0000029261c20000]
 total_blobs=3021 nmethods=2507 adapters=436
 compilation: enabled
              stopped_count=0, restarted_count=0
 full_count=0

Compilation events (20 events):
Event: 0.996 Thread 0x00000292748f8a90 2500   !   1       java.security.AccessController::doPrivileged (22 bytes)
Event: 0.996 Thread 0x000002926f420550 2501       1       org.springframework.core.annotation.TypeMappedAnnotation::createIfPossible (58 bytes)
Event: 0.996 Thread 0x00000292748b9730 2502       1       jdk.internal.loader.URLClassPath::findResource (38 bytes)
Event: 0.996 Thread 0x000002926f540420 nmethod 2499 0x000002925f3bb790 code [0x000002925f3bb9a0, 0x000002925f3bbec8]
Event: 0.996 Thread 0x00000292748f8a90 nmethod 2500 0x000002925f3bc090 code [0x000002925f3bc240, 0x000002925f3bc3c8]
Event: 0.996 Thread 0x00000292748b9730 nmethod 2502 0x000002925f3bc510 code [0x000002925f3bc6c0, 0x000002925f3bc858]
Event: 0.996 Thread 0x000002926f420550 nmethod 2501 0x000002925f3bc910 code [0x000002925f3bcae0, 0x000002925f3bcda8]
Event: 0.997 Thread 0x00000292748b9730 2503       1       org.springframework.boot.devtools.restart.classloader.ClassLoaderFiles::getFile (54 bytes)
Event: 0.997 Thread 0x00000292748b9730 nmethod 2503 0x000002925f3bcf90 code [0x000002925f3bd180, 0x000002925f3bd408]
Event: 0.997 Thread 0x00000292745150f0 nmethod 2492 0x000002925f3bd590 code [0x000002925f3bd940, 0x000002925f3bed58]
Event: 0.997 Thread 0x00000292748b9730 2504       1       org.springframework.asm.ClassReader::<init> (359 bytes)
Event: 0.997 Thread 0x000002926f540420 2505       1       java.lang.Thread::getContextClassLoader (32 bytes)
Event: 0.997 Thread 0x000002926f39be90 2506       1       java.security.Provider$Service::getType (5 bytes)
Event: 0.997 Thread 0x000002926f420550 2507       1       java.security.Provider$Service::getAlgorithm (5 bytes)
Event: 0.997 Thread 0x00000292748f8a90 2508       1       java.security.Provider$Service::getAliases (5 bytes)
Event: 0.997 Thread 0x00000292745150f0 2509       1       java.security.Provider$ServiceKey::hashCode (19 bytes)
Event: 0.997 Thread 0x000002926f39be90 nmethod 2506 0x000002925f3bfb90 code [0x000002925f3bfd20, 0x000002925f3bfdf8]
Event: 0.997 Thread 0x000002926f420550 nmethod 2507 0x000002925f3bfe90 code [0x000002925f3c0020, 0x000002925f3c00f8]
Event: 0.997 Thread 0x00000292748f8a90 nmethod 2508 0x000002925f3c0190 code [0x000002925f3c0320, 0x000002925f3c03f8]
Event: 0.997 Thread 0x00000292745150f0 nmethod 2509 0x000002925f3c0490 code [0x000002925f3c0640, 0x000002925f3c0778]

GC Heap History (11 events):
Event: 0.512 GC heap before
{Heap before GC invocations=0 (full 0):
 garbage-first heap   total 260096K, used 20480K [0x0000000702800000, 0x0000000800000000)
  region size 2048K, 11 young (22528K), 0 survivors (0K)
 Metaspace       used 15674K, committed 15872K, reserved 1114112K
  class space    used 1695K, committed 1792K, reserved 1048576K
}
Event: 0.516 GC heap after
{Heap after GC invocations=1 (full 0):
 garbage-first heap   total 260096K, used 7128K [0x0000000702800000, 0x0000000800000000)
  region size 2048K, 2 young (4096K), 2 survivors (4096K)
 Metaspace       used 15674K, committed 15872K, reserved 1114112K
  class space    used 1695K, committed 1792K, reserved 1048576K
}
Event: 0.779 GC heap before
{Heap before GC invocations=1 (full 0):
 garbage-first heap   total 260096K, used 29656K [0x0000000702800000, 0x0000000800000000)
  region size 2048K, 13 young (26624K), 2 survivors (4096K)
 Metaspace       used 20013K, committed 20224K, reserved 1114112K
  class space    used 2371K, committed 2496K, reserved 1048576K
}
Event: 0.782 GC heap after
{Heap after GC invocations=2 (full 0):
 garbage-first heap   total 260096K, used 9049K [0x0000000702800000, 0x0000000800000000)
  region size 2048K, 1 young (2048K), 1 survivors (2048K)
 Metaspace       used 20013K, committed 20224K, reserved 1114112K
  class space    used 2371K, committed 2496K, reserved 1048576K
}
Event: 0.814 GC heap before
{Heap before GC invocations=2 (full 0):
 garbage-first heap   total 260096K, used 13145K [0x0000000702800000, 0x0000000800000000)
  region size 2048K, 4 young (8192K), 1 survivors (2048K)
 Metaspace       used 21328K, committed 21504K, reserved 1114112K
  class space    used 2562K, committed 2624K, reserved 1048576K
}
Event: 0.815 GC heap after
{Heap after GC invocations=3 (full 0):
 garbage-first heap   total 260096K, used 9261K [0x0000000702800000, 0x0000000800000000)
  region size 2048K, 1 young (2048K), 1 survivors (2048K)
 Metaspace       used 21328K, committed 21504K, reserved 1114112K
  class space    used 2562K, committed 2624K, reserved 1048576K
}
Event: 0.911 GC heap before
{Heap before GC invocations=4 (full 0):
 garbage-first heap   total 40960K, used 25645K [0x0000000702800000, 0x0000000800000000)
  region size 2048K, 11 young (22528K), 1 survivors (2048K)
 Metaspace       used 25775K, committed 26048K, reserved 1114112K
  class space    used 3099K, committed 3200K, reserved 1048576K
}
Event: 0.913 GC heap after
{Heap after GC invocations=5 (full 0):
 garbage-first heap   total 40960K, used 10463K [0x0000000702800000, 0x0000000800000000)
  region size 2048K, 2 young (4096K), 2 survivors (4096K)
 Metaspace       used 25775K, committed 26048K, reserved 1114112K
  class space    used 3099K, committed 3200K, reserved 1048576K
}
Event: 0.922 GC heap before
{Heap before GC invocations=5 (full 0):
 garbage-first heap   total 40960K, used 12511K [0x0000000702800000, 0x0000000800000000)
  region size 2048K, 3 young (6144K), 2 survivors (4096K)
 Metaspace       used 26251K, committed 26496K, reserved 1114112K
  class space    used 3159K, committed 3264K, reserved 1048576K
}
Event: 0.923 GC heap after
{Heap after GC invocations=6 (full 0):
 garbage-first heap   total 40960K, used 10606K [0x0000000702800000, 0x0000000800000000)
  region size 2048K, 1 young (2048K), 1 survivors (2048K)
 Metaspace       used 26251K, committed 26496K, reserved 1114112K
  class space    used 3159K, committed 3264K, reserved 1048576K
}
Event: 0.998 GC heap before
{Heap before GC invocations=6 (full 0):
 garbage-first heap   total 40960K, used 22894K [0x0000000702800000, 0x0000000800000000)
  region size 2048K, 8 young (16384K), 1 survivors (2048K)
 Metaspace       used 28479K, committed 28800K, reserved 1114112K
  class space    used 3495K, committed 3648K, reserved 1048576K
}

Dll operation events (3 events):
Event: 0.006 Loaded shared library C:\Users\89394\.jdks\jbrsdk-17.0.9\bin\java.dll
Event: 0.023 Loaded shared library C:\Users\89394\.jdks\jbrsdk-17.0.9\bin\jsvml.dll
Event: 0.112 Loaded shared library C:\Users\89394\.jdks\jbrsdk-17.0.9\bin\zip.dll

Deoptimization events (4 events):
Event: 0.869 Thread 0x00000292745bcf30 DEOPT PACKING pc=0x000002925f1f31f9 sp=0x000000fd2a0fc710
Event: 0.869 Thread 0x00000292745bcf30 DEOPT UNPACKING pc=0x000002925ec77143 sp=0x000000fd2a0fbbf0 mode 3
Event: 0.946 Thread 0x00000292745bcf30 DEOPT PACKING pc=0x000002925f34b8d5 sp=0x000000fd2a0fcd20
Event: 0.946 Thread 0x00000292745bcf30 DEOPT UNPACKING pc=0x000002925ec77143 sp=0x000000fd2a0fc1c8 mode 3

Classes unloaded (0 events):
No events

Classes redefined (0 events):
No events

Internal exceptions (20 events):
Event: 0.749 Thread 0x00000292745bcf30 Exception <a 'java/lang/NoSuchMethodError'{0x00000007113d2428}: 'java.lang.Object java.lang.invoke.DirectMethodHandle$Holder.invokeVirtual(java.lang.Object, java.lang.Object, java.lang.Object)'> (0x00000007113d2428) 
thrown [s\src\hotspot\share\interpreter\linkResolver.cpp, line 771]
Event: 0.760 Thread 0x00000292745bcf30 Exception <a 'java/lang/NoSuchMethodError'{0x00000007110b98b0}: 'void java.lang.invoke.DirectMethodHandle$Holder.invokeStatic(java.lang.Object, java.lang.Object, int)'> (0x00000007110b98b0) 
thrown [s\src\hotspot\share\interpreter\linkResolver.cpp, line 771]
Event: 0.762 Thread 0x00000292745bcf30 Exception <a 'java/lang/NoSuchMethodError'{0x00000007110d1ce8}: 'void java.lang.invoke.DirectMethodHandle$Holder.invokeStaticInit(java.lang.Object, java.lang.Object, java.lang.Object)'> (0x00000007110d1ce8) 
thrown [s\src\hotspot\share\interpreter\linkResolver.cpp, line 771]
Event: 0.764 Thread 0x00000292745bcf30 Exception <a 'java/lang/NoSuchMethodError'{0x00000007110edd08}: 'java.lang.Object java.lang.invoke.DirectMethodHandle$Holder.invokeStatic(java.lang.Object, java.lang.Object, long, java.lang.Object)'> (0x00000007110edd08) 
thrown [s\src\hotspot\share\interpreter\linkResolver.cpp, line 771]
Event: 0.764 Thread 0x00000292745bcf30 Exception <a 'java/lang/NoSuchMethodError'{0x00000007110f17b8}: 'java.lang.Object java.lang.invoke.DirectMethodHandle$Holder.invokeStaticInit(java.lang.Object, java.lang.Object, long, java.lang.Object)'> (0x00000007110f17b8) 
thrown [s\src\hotspot\share\interpreter\linkResolver.cpp, line 771]
Event: 0.764 Thread 0x00000292745bcf30 Exception <a 'java/lang/NoSuchMethodError'{0x00000007110f7dc8}: 'java.lang.Object java.lang.invoke.DirectMethodHandle$Holder.newInvokeSpecial(java.lang.Object, java.lang.Object, long)'> (0x00000007110f7dc8) 
thrown [s\src\hotspot\share\interpreter\linkResolver.cpp, line 771]
Event: 0.764 Thread 0x00000292745bcf30 Exception <a 'java/lang/NoSuchMethodError'{0x00000007110fb938}: 'java.lang.Object java.lang.invoke.Invokers$Holder.linkToTargetMethod(java.lang.Object, long, java.lang.Object)'> (0x00000007110fb938) 
thrown [s\src\hotspot\share\interpreter\linkResolver.cpp, line 771]
Event: 0.771 Thread 0x00000292745bcf30 Exception <a 'java/lang/NoSuchMethodError'{0x0000000711161200}: 'void java.lang.invoke.DirectMethodHandle$Holder.invokeVirtual(java.lang.Object, java.lang.Object, java.lang.Object, java.lang.Object)'> (0x0000000711161200) 
thrown [s\src\hotspot\share\interpreter\linkResolver.cpp, line 771]
Event: 0.793 Thread 0x00000292745bcf30 Exception <a 'java/lang/NoSuchMethodError'{0x0000000712556c58}: 'void java.lang.invoke.DirectMethodHandle$Holder.invokeSpecial(java.lang.Object, java.lang.Object, java.lang.Object)'> (0x0000000712556c58) 
thrown [s\src\hotspot\share\interpreter\linkResolver.cpp, line 771]
Event: 0.796 Thread 0x000002927476d010 Exception <a 'java/lang/NoClassDefFoundError'{0x00000007125eaa88}: jakarta/validation/Validation> (0x00000007125eaa88) 
thrown [s\src\hotspot\share\classfile\systemDictionary.cpp, line 245]
Event: 0.796 Thread 0x00000292745bcf30 Exception <a 'java/lang/IncompatibleClassChangeError'{0x000000071258a9f8}: Found class java.lang.Object, but interface was expected> (0x000000071258a9f8) 
thrown [s\src\hotspot\share\interpreter\linkResolver.cpp, line 838]
Event: 0.932 Thread 0x00000292745bcf30 Exception <a 'sun/nio/fs/WindowsException'{0x0000000712575400}> (0x0000000712575400) 
thrown [s\src\hotspot\share\prims\jni.cpp, line 517]
Event: 0.932 Thread 0x00000292745bcf30 Exception <a 'java/lang/NoSuchMethodError'{0x00000007125d1a48}: 'int java.lang.invoke.DirectMethodHandle$Holder.invokeSpecial(java.lang.Object, java.lang.Object, java.lang.Object, java.lang.Object, java.lang.Object)'> (0x00000007125d1a48) 
thrown [s\src\hotspot\share\interpreter\linkResolver.cpp, line 771]
Event: 0.933 Thread 0x00000292745bcf30 Exception <a 'java/lang/NoSuchMethodError'{0x00000007125da5a0}: 'void java.lang.invoke.DirectMethodHandle$Holder.invokeVirtual(java.lang.Object, java.lang.Object)'> (0x00000007125da5a0) 
thrown [s\src\hotspot\share\interpreter\linkResolver.cpp, line 771]
Event: 0.966 Thread 0x000002927476d010 Exception <a 'java/lang/NoSuchMethodError'{0x00000007044f77b8}: 'long java.lang.invoke.DirectMethodHandle$Holder.invokeSpecial(java.lang.Object, java.lang.Object)'> (0x00000007044f77b8) 
thrown [s\src\hotspot\share\interpreter\linkResolver.cpp, line 771]
Event: 0.967 Thread 0x000002927476d010 Exception <a 'java/lang/NoSuchMethodError'{0x0000000704552198}: 'long java.lang.invoke.DirectMethodHandle$Holder.invokeStatic(java.lang.Object, java.lang.Object)'> (0x0000000704552198) 
thrown [s\src\hotspot\share\interpreter\linkResolver.cpp, line 771]
Event: 0.967 Thread 0x000002927476d010 Exception <a 'java/lang/NoSuchMethodError'{0x00000007045554f0}: 'long java.lang.invoke.DirectMethodHandle$Holder.invokeStaticInit(java.lang.Object, java.lang.Object)'> (0x00000007045554f0) 
thrown [s\src\hotspot\share\interpreter\linkResolver.cpp, line 771]
Event: 0.968 Thread 0x000002927476d010 Exception <a 'java/lang/NoSuchMethodError'{0x0000000704562df0}: 'long java.lang.invoke.DirectMethodHandle$Holder.invokeInterface(java.lang.Object, java.lang.Object)'> (0x0000000704562df0) 
thrown [s\src\hotspot\share\interpreter\linkResolver.cpp, line 771]
Event: 0.968 Thread 0x000002927476d010 Exception <a 'java/lang/IncompatibleClassChangeError'{0x00000007045660d8}: Found class java.lang.Object, but interface was expected> (0x00000007045660d8) 
thrown [s\src\hotspot\share\interpreter\linkResolver.cpp, line 838]
Event: 0.970 Thread 0x000002927476d010 Exception <a 'java/lang/NoSuchMethodError'{0x00000007045ae498}: 'java.lang.Object java.lang.invoke.DirectMethodHandle$Holder.invokeVirtual(java.lang.Object, java.lang.Object, java.lang.Object, java.lang.Object)'> (0x00000007045ae498) 
thrown [s\src\hotspot\share\interpreter\linkResolver.cpp, line 771]

VM Operations (20 events):
Event: 0.792 Executing VM operation: HandshakeAllThreads done
Event: 0.814 Executing VM operation: CollectForMetadataAllocation
Event: 0.815 Executing VM operation: CollectForMetadataAllocation done
Event: 0.815 Executing VM operation: CollectForMetadataAllocation
Event: 0.815 Executing VM operation: CollectForMetadataAllocation done
Event: 0.820 Executing VM operation: G1PauseRemark
Event: 0.820 Executing VM operation: G1PauseRemark done
Event: 0.822 Executing VM operation: G1PauseCleanup
Event: 0.822 Executing VM operation: G1PauseCleanup done
Event: 0.897 Executing VM operation: HandshakeAllThreads
Event: 0.897 Executing VM operation: HandshakeAllThreads done
Event: 0.911 Executing VM operation: G1CollectForAllocation
Event: 0.911 Executing VM operation: G1CollectForAllocation done
Event: 0.911 Executing VM operation: G1CollectForAllocation
Event: 0.913 Executing VM operation: G1CollectForAllocation done
Event: 0.920 Executing VM operation: HandshakeAllThreads
Event: 0.920 Executing VM operation: HandshakeAllThreads done
Event: 0.921 Executing VM operation: G1CollectForAllocation
Event: 0.923 Executing VM operation: G1CollectForAllocation done
Event: 0.997 Executing VM operation: G1CollectForAllocation

Events (20 events):
Event: 0.983 loading class java/util/PropertyResourceBundle
Event: 0.983 loading class java/util/PropertyResourceBundle done
Event: 0.983 loading class sun/util/PropertyResourceBundleCharset
Event: 0.983 loading class sun/util/PropertyResourceBundleCharset done
Event: 0.983 loading class sun/util/PropertyResourceBundleCharset$PropertiesFileDecoder
Event: 0.984 loading class sun/util/PropertyResourceBundleCharset$PropertiesFileDecoder done
Event: 0.984 loading class java/util/ResourceBundle$BundleReference
Event: 0.984 loading class java/util/ResourceBundle$BundleReference done
Event: 0.989 loading class javax/security/auth/login/LoginException
Event: 0.989 loading class javax/security/auth/login/LoginException done
Event: 0.997 loading class java/security/NoSuchAlgorithmException
Event: 0.997 loading class java/security/NoSuchAlgorithmException done
Event: 0.997 loading class java/security/NoSuchProviderException
Event: 0.997 loading class java/security/NoSuchProviderException done
Event: 0.997 loading class sun/security/rsa/SunRsaSign
Event: 0.997 loading class sun/security/rsa/SunRsaSign done
Event: 0.997 loading class sun/security/rsa/SunRsaSignEntries
Event: 0.997 loading class sun/security/rsa/SunRsaSignEntries done
Event: 0.997 loading class sun/security/jca/ProviderConfig$3
Event: 0.997 loading class sun/security/jca/ProviderConfig$3 done


Dynamic libraries:
0x00007ff76f6d0000 - 0x00007ff76f6da000 	C:\Users\89394\.jdks\jbrsdk-17.0.9\bin\java.exe
0x00007ffe4d3f0000 - 0x00007ffe4d5e8000 	C:\WINDOWS\SYSTEM32\ntdll.dll
0x00007ffe4c640000 - 0x00007ffe4c702000 	C:\WINDOWS\System32\KERNEL32.DLL
0x00007ffe4ac40000 - 0x00007ffe4af3e000 	C:\WINDOWS\System32\KERNELBASE.dll
0x00007ffe4b0f0000 - 0x00007ffe4b1f0000 	C:\WINDOWS\System32\ucrtbase.dll
0x00007ffe2aec0000 - 0x00007ffe2aedb000 	C:\Users\89394\.jdks\jbrsdk-17.0.9\bin\VCRUNTIME140.dll
0x00007ffe2ad10000 - 0x00007ffe2ad27000 	C:\Users\89394\.jdks\jbrsdk-17.0.9\bin\jli.dll
0x00007ffe4c370000 - 0x00007ffe4c50d000 	C:\WINDOWS\System32\USER32.dll
0x00007ffe4abe0000 - 0x00007ffe4ac02000 	C:\WINDOWS\System32\win32u.dll
0x00007ffe4d380000 - 0x00007ffe4d3ab000 	C:\WINDOWS\System32\GDI32.dll
0x00007ffe39110000 - 0x00007ffe393aa000 	C:\WINDOWS\WinSxS\amd64_microsoft.windows.common-controls_6595b64144ccf1df_6.0.19041.4355_none_60b8b9eb71f62e16\COMCTL32.dll
0x00007ffe4b2f0000 - 0x00007ffe4b407000 	C:\WINDOWS\System32\gdi32full.dll
0x00007ffe4c140000 - 0x00007ffe4c1de000 	C:\WINDOWS\System32\msvcrt.dll
0x00007ffe4ab40000 - 0x00007ffe4abdd000 	C:\WINDOWS\System32\msvcp_win.dll
0x00007ffe4cd60000 - 0x00007ffe4cd8f000 	C:\WINDOWS\System32\IMM32.DLL
0x00007ffe2caf0000 - 0x00007ffe2cafc000 	C:\Users\89394\.jdks\jbrsdk-17.0.9\bin\vcruntime140_1.dll
0x00007ffde0f90000 - 0x00007ffde101d000 	C:\Users\89394\.jdks\jbrsdk-17.0.9\bin\msvcp140.dll
0x00007ffde0300000 - 0x00007ffde0f83000 	C:\Users\89394\.jdks\jbrsdk-17.0.9\bin\server\jvm.dll
0x00007ffe4c810000 - 0x00007ffe4c8c1000 	C:\WINDOWS\System32\ADVAPI32.dll
0x00007ffe4c710000 - 0x00007ffe4c7af000 	C:\WINDOWS\System32\sechost.dll
0x00007ffe4c510000 - 0x00007ffe4c633000 	C:\WINDOWS\System32\RPCRT4.dll
0x00007ffe4ac10000 - 0x00007ffe4ac37000 	C:\WINDOWS\System32\bcrypt.dll
0x00007ffe49fd0000 - 0x00007ffe4a01b000 	C:\WINDOWS\SYSTEM32\POWRPROF.dll
0x00007ffe22fa0000 - 0x00007ffe22fa9000 	C:\WINDOWS\SYSTEM32\WSOCK32.dll
0x00007ffe3de80000 - 0x00007ffe3dea7000 	C:\WINDOWS\SYSTEM32\WINMM.dll
0x00007ffe4bf20000 - 0x00007ffe4bf8b000 	C:\WINDOWS\System32\WS2_32.dll
0x00007ffe3f8c0000 - 0x00007ffe3f8ca000 	C:\WINDOWS\SYSTEM32\VERSION.dll
0x00007ffe49e90000 - 0x00007ffe49ea2000 	C:\WINDOWS\SYSTEM32\UMPDC.dll
0x00007ffe488f0000 - 0x00007ffe48902000 	C:\WINDOWS\SYSTEM32\kernel.appcore.dll
0x00007ffe2ad00000 - 0x00007ffe2ad0a000 	C:\Users\89394\.jdks\jbrsdk-17.0.9\bin\jimage.dll
0x00007ffe40a30000 - 0x00007ffe40c14000 	C:\WINDOWS\SYSTEM32\DBGHELP.DLL
0x00007ffe37e40000 - 0x00007ffe37e74000 	C:\WINDOWS\SYSTEM32\dbgcore.DLL
0x00007ffe4b260000 - 0x00007ffe4b2e2000 	C:\WINDOWS\System32\bcryptPrimitives.dll
0x00007ffe480f0000 - 0x00007ffe480fe000 	C:\Users\89394\.jdks\jbrsdk-17.0.9\bin\instrument.dll
0x00007ffe2a360000 - 0x00007ffe2a385000 	C:\Users\89394\.jdks\jbrsdk-17.0.9\bin\java.dll
0x00007ffe2a720000 - 0x00007ffe2a738000 	C:\Users\89394\.jdks\jbrsdk-17.0.9\bin\zip.dll
0x00007ffde0220000 - 0x00007ffde02f7000 	C:\Users\89394\.jdks\jbrsdk-17.0.9\bin\jsvml.dll
0x00007ffe4b4a0000 - 0x00007ffe4bc0d000 	C:\WINDOWS\System32\SHELL32.dll
0x00007ffe48b10000 - 0x00007ffe492b4000 	C:\WINDOWS\SYSTEM32\windows.storage.dll
0x00007ffe4ce40000 - 0x00007ffe4d193000 	C:\WINDOWS\System32\combase.dll
0x00007ffe4a4c0000 - 0x00007ffe4a4ee000 	C:\WINDOWS\SYSTEM32\Wldp.dll
0x00007ffe4be50000 - 0x00007ffe4bf1d000 	C:\WINDOWS\System32\OLEAUT32.dll
0x00007ffe4bc70000 - 0x00007ffe4bd1d000 	C:\WINDOWS\System32\SHCORE.dll
0x00007ffe4c7b0000 - 0x00007ffe4c805000 	C:\WINDOWS\System32\shlwapi.dll
0x00007ffe4a9c0000 - 0x00007ffe4a9e4000 	C:\WINDOWS\SYSTEM32\profapi.dll
0x00007ffe28f20000 - 0x00007ffe28f39000 	C:\Users\89394\.jdks\jbrsdk-17.0.9\bin\net.dll
0x00007ffe470d0000 - 0x00007ffe471dd000 	C:\WINDOWS\SYSTEM32\WINHTTP.dll
0x00007ffe4a220000 - 0x00007ffe4a28a000 	C:\WINDOWS\system32\mswsock.dll
0x00007ffe28f00000 - 0x00007ffe28f16000 	C:\Users\89394\.jdks\jbrsdk-17.0.9\bin\nio.dll
0x00007ffe480b0000 - 0x00007ffe480ca000 	D:\Program Files\JetBrains\IntelliJ IDEA 2023.2\bin\breakgen64.dll
0x00007ffe49ef0000 - 0x00007ffe49fba000 	C:\WINDOWS\SYSTEM32\DNSAPI.dll
0x00007ffe49eb0000 - 0x00007ffe49eeb000 	C:\WINDOWS\SYSTEM32\IPHLPAPI.DLL
0x00007ffe4d2e0000 - 0x00007ffe4d2e8000 	C:\WINDOWS\System32\NSI.dll
0x00007ffe42cd0000 - 0x00007ffe42cda000 	C:\Windows\System32\rasadhlp.dll
0x00007ffe42a30000 - 0x00007ffe42ab0000 	C:\WINDOWS\System32\fwpuclnt.dll
0x00007ffe480e0000 - 0x00007ffe480e9000 	C:\Users\89394\.jdks\jbrsdk-17.0.9\bin\management.dll
0x00007ffe480d0000 - 0x00007ffe480db000 	C:\Users\89394\.jdks\jbrsdk-17.0.9\bin\management_ext.dll
0x00007ffe4b410000 - 0x00007ffe4b418000 	C:\WINDOWS\System32\PSAPI.DLL
0x00007ffe4a410000 - 0x00007ffe4a428000 	C:\WINDOWS\SYSTEM32\CRYPTSP.dll
0x00007ffe49ad0000 - 0x00007ffe49b04000 	C:\WINDOWS\system32\rsaenh.dll
0x00007ffe4a940000 - 0x00007ffe4a96e000 	C:\WINDOWS\SYSTEM32\USERENV.dll
0x00007ffe4a430000 - 0x00007ffe4a43c000 	C:\WINDOWS\SYSTEM32\CRYPTBASE.dll
0x00007ffe45dd0000 - 0x00007ffe45de7000 	C:\WINDOWS\SYSTEM32\dhcpcsvc6.DLL
0x00007ffe45db0000 - 0x00007ffe45dcd000 	C:\WINDOWS\SYSTEM32\dhcpcsvc.DLL
0x00007ffe1de50000 - 0x00007ffe1de67000 	C:\WINDOWS\system32\napinsp.dll
0x00007ffe1cfd0000 - 0x00007ffe1cfeb000 	C:\WINDOWS\system32\pnrpnsp.dll
0x00007ffe47500000 - 0x00007ffe47515000 	C:\WINDOWS\system32\wshbth.dll
0x00007ffe471f0000 - 0x00007ffe4720d000 	C:\WINDOWS\system32\NLAapi.dll
0x00007ffe1cfb0000 - 0x00007ffe1cfc2000 	C:\WINDOWS\System32\winrnr.dll

dbghelp: loaded successfully - version: 4.0.5 - missing functions: none
symbol engine: initialized successfully - sym options: 0x614 - pdb path: .;C:\Users\89394\.jdks\jbrsdk-17.0.9\bin;C:\WINDOWS\SYSTEM32;C:\WINDOWS\WinSxS\amd64_microsoft.windows.common-controls_6595b64144ccf1df_6.0.19041.4355_none_60b8b9eb71f62e16;C:\Users\89394\.jdks\jbrsdk-17.0.9\bin\server;D:\Program Files\JetBrains\IntelliJ IDEA 2023.2\bin

VM Arguments:
jvm_args: -XX:TieredStopAtLevel=1 -Dspring.output.ansi.enabled=always -Dcom.sun.management.jmxremote -Dspring.jmx.enabled=true -Dspring.liveBeansView.mbeanDomain -Dspring.application.admin.enabled=true -Dmanagement.endpoints.jmx.exposure.include=* -javaagent:D:\Program Files\JetBrains\IntelliJ IDEA 2023.2\lib\idea_rt.jar=4474:D:\Program Files\JetBrains\IntelliJ IDEA 2023.2\bin -Dfile.encoding=UTF-8 
java_command: com.cg.RecycleSystemApplication
java_class_path (initial): F:\IDEA_workspasce\recycle_system\target\classes;F:\apache-maven-3.9.4\repository\org\springframework\boot\spring-boot-starter-data-redis\3.3.4\spring-boot-starter-data-redis-3.3.4.jar;F:\apache-maven-3.9.4\repository\org\springframework\boot\spring-boot-starter\3.3.4\spring-boot-starter-3.3.4.jar;F:\apache-maven-3.9.4\repository\org\springframework\boot\spring-boot-starter-logging\3.3.4\spring-boot-starter-logging-3.3.4.jar;F:\apache-maven-3.9.4\repository\ch\qos\logback\logback-classic\1.5.8\logback-classic-1.5.8.jar;F:\apache-maven-3.9.4\repository\ch\qos\logback\logback-core\1.5.8\logback-core-1.5.8.jar;F:\apache-maven-3.9.4\repository\org\apache\logging\log4j\log4j-to-slf4j\2.23.1\log4j-to-slf4j-2.23.1.jar;F:\apache-maven-3.9.4\repository\org\slf4j\jul-to-slf4j\2.0.16\jul-to-slf4j-2.0.16.jar;F:\apache-maven-3.9.4\repository\jakarta\annotation\jakarta.annotation-api\2.1.1\jakarta.annotation-api-2.1.1.jar;F:\apache-maven-3.9.4\repository\org\yaml\snakeyaml\2.2\snakeyaml-2.2.jar;F:\apache-maven-3.9.4\repository\io\lettuce\lettuce-core\6.3.2.RELEASE\lettuce-core-6.3.2.RELEASE.jar;F:\apache-maven-3.9.4\repository\io\netty\netty-common\4.1.113.Final\netty-common-4.1.113.Final.jar;F:\apache-maven-3.9.4\repository\io\netty\netty-handler\4.1.113.Final\netty-handler-4.1.113.Final.jar;F:\apache-maven-3.9.4\repository\io\netty\netty-resolver\4.1.113.Final\netty-resolver-4.1.113.Final.jar;F:\apache-maven-3.9.4\repository\io\netty\netty-buffer\4.1.113.Final\netty-buffer-4.1.113.Final.jar;F:\apache-maven-3.9.4\repository\io\netty\netty-transport-native-unix-common\4.1.113.Final\netty-transport-native-unix-common-4.1.113.Final.jar;F:\apache-maven-3.9.4\repository\io\netty\netty-codec\4.1.113.Final\netty-codec-4.1.113.Final.jar;F:\apache-maven-3.9.4\repository\io\netty\netty-transport\4.1.113.Final\netty-transport-4.1.113.Final.jar;F:\apache-maven-3.9.4\repository\io\projectreactor\reactor-core\3.6.10\reactor-core-3.6.10.jar;F:\apache-maven-3.9.4\re
Launcher Type: SUN_STANDARD

[Global flags]
     intx CICompilerCount                          = 12                                        {product} {ergonomic}
     uint ConcGCThreads                            = 3                                         {product} {ergonomic}
     uint G1ConcRefinementThreads                  = 13                                        {product} {ergonomic}
   size_t G1HeapRegionSize                         = 2097152                                   {product} {ergonomic}
    uintx GCDrainStackTargetSize                   = 64                                        {product} {ergonomic}
   size_t InitialHeapSize                          = 266338304                                 {product} {ergonomic}
     bool ManagementServer                         = true                                      {product} {command line}
   size_t MarkStackSize                            = 4194304                                   {product} {ergonomic}
   size_t MaxHeapSize                              = 4253024256                                {product} {ergonomic}
   size_t MaxNewSize                               = 2550136832                                {product} {ergonomic}
   size_t MinHeapDeltaBytes                        = 2097152                                   {product} {ergonomic}
   size_t MinHeapSize                              = 8388608                                   {product} {ergonomic}
    uintx NonProfiledCodeHeapSize                  = 0                                      {pd product} {ergonomic}
     bool ProfileInterpreter                       = false                                  {pd product} {command line}
    uintx ProfiledCodeHeapSize                     = 0                                      {pd product} {ergonomic}
   size_t SoftMaxHeapSize                          = 4253024256                             {manageable} {ergonomic}
     intx TieredStopAtLevel                        = 1                                         {product} {command line}
     bool UseCompressedClassPointers               = true                           {product lp64_product} {ergonomic}
     bool UseCompressedOops                        = true                           {product lp64_product} {ergonomic}
     bool UseG1GC                                  = true                                      {product} {ergonomic}
     bool UseLargePagesIndividualAllocation        = false                                  {pd product} {ergonomic}

Logging:
Log output configuration:
 #0: stdout all=warning uptime,level,tags
 #1: stderr all=off uptime,level,tags

Environment Variables:
JAVA_HOME=C:\Users\89394\.jdks\jbrsdk-17.0.9
CLASSPATH=;C:\Users\89394\.jdks\jbrsdk-17.0.9\lib
PATH=F:\VmwareProgram\bin\;F:\python\Scripts\;F:\python\;C:\Program Files (x86)\Common Files\Oracle\Java\javapath;C:\Program Files (x86)\AMD APP\bin\x86_64;C:\Program Files (x86)\AMD APP\bin\x86;C:\ProgramData\Oracle\Java\javapath;C:\WINDOWS\system32;C:\WINDOWS;C:\WINDOWS\System32\Wbem;C:\WINDOWS\System32\WindowsPowerShell\v1.0\;C:\Users\89394\.jdks\jbrsdk-17.0.9\bin;C:\WINDOWS\System32\OpenSSH\;D:\MySQL\MySQL Server 5.7\bin;C:\Program Files (x86)\ATI Technologies\ATI.ACE\Core-Static;C:\Program Files (x86)\NVIDIA Corporation\PhysX\Common;C:\Program Files\dotnet\;C:\Program Files (x86)\ZeroTier\One\;C:\Users\89394\.jdks\jbrsdk-17.0.9\jre\bin;C:\Program Files\Docker\Docker\resources\bin;C:\Program Files\TortoiseGit\bin;E:\Program Files\Erlang OTP\bin;E:\Program Files\Git\cmd;F:\Program Files\nodejs\;C:\Program Files\NVIDIA Corporation\NVIDIA app\NvDLISR;C:\Users\89394\AppData\Local\Microsoft\WindowsApps;C:\Users\89394\.dotnet\tools;D:\Program Files\JetBrains\IntelliJ IDEA 2023.2\bin;;F:\Program Files\JetBrains\PyCharm Community Edition 2023.2.1\bin;;C:\Users\89394\AppData\Local\Programs\Microsoft VS Code\bin;C:\Users\89394\AppData\Local\GitHubDesktop\bin;F:\Program Files (x86)\Microsoft VS Code\bin;C:\Users\89394\AppData\Roaming\npm
USERNAME=MIZUGI
OS=Windows_NT
PROCESSOR_IDENTIFIER=AMD64 Family 25 Model 80 Stepping 0, AuthenticAMD
TMP=C:\Users\89394\AppData\Local\Temp
TEMP=C:\Users\89394\AppData\Local\Temp



Periodic native trim disabled

JNI global refs:
JNI global refs: 27, weak refs: 0

JNI global refs memory usage: 843, weak refs: 841

OOME stack traces (most recent first):
Classloader memory used:
Loader bootstrap                                                                       : 2027K
Loader jdk.internal.loader.ClassLoaders$AppClassLoader                                 : 1525K
Loader jdk.internal.reflect.DelegatingClassLoader                                      : 3381B
Loader jdk.internal.loader.ClassLoaders$PlatformClassLoader                            : 3196B
Loader org.springframework.boot.devtools.restart.classloader.RestartClassLoader        : 197B

Classes loaded by more than one classloader:
Class com.cg.RecycleSystemApplication                                                 : loaded 2 times (x 69B)


---------------  S Y S T E M  ---------------

OS:
 Windows 10 , 64 bit Build 19041 (10.0.19041.5198)
OS uptime: 0 days 8:04 hours

CPU: total 16 (initial active 16) (16 cores per cpu, 2 threads per core) family 25 model 80 stepping 0 microcode 0x0, cx8, cmov, fxsr, ht, mmx, 3dnowpref, sse, sse2, sse3, ssse3, sse4a, sse4.1, sse4.2, popcnt, lzcnt, tsc, tscinvbit, avx, avx2, aes, erms, clmul, bmi1, bmi2, adx, sha, fma, vzeroupper, clflush, clflushopt
Processor Information for all 16 processors :
  Max Mhz: 3201, Current Mhz: 3201, Mhz Limit: 3201

Memory: 4k page, system-wide physical 16220M (4115M free)
TotalPageFile size 22876M (AvailPageFile size 6M)
current process WorkingSet (physical memory assigned to process): 116M, peak: 116M
current process commit charge ("private bytes"): 166M, peak: 376M

vm_info: OpenJDK 64-Bit Server VM (17.0.9+7-b1087.7) for windows-amd64 JRE (17.0.9+7-b1087.7), built on 2023-11-17 by "builduser" with MS VC++ 16.10 / 16.11 (VS2019)

END.
